[INFO] Scanning for projects...
[INFO] 
[INFO] --------------------< com.yourproject:chat-backend >--------------------
[INFO] Building chat-backend 0.0.1-SNAPSHOT
[INFO]   from pom.xml
[INFO] --------------------------------[ jar ]---------------------------------
[INFO] 
[INFO] >>> spring-boot:3.2.4:run (default-cli) > test-compile @ chat-backend >>>
[INFO] 
[INFO] --- resources:3.3.1:resources (default-resources) @ chat-backend ---
[INFO] Copying 1 resource from src/main/resources to target/classes
[INFO] Copying 0 resource from src/main/resources to target/classes
[INFO] 
[INFO] --- compiler:3.11.0:compile (default-compile) @ chat-backend ---
[INFO] Nothing to compile - all classes are up to date
[INFO] 
[INFO] --- resources:3.3.1:testResources (default-testResources) @ chat-backend ---
[INFO] skip non existing resourceDirectory /Users/mac/CDWeb/Backend/src/test/resources
[INFO] 
[INFO] --- compiler:3.11.0:testCompile (default-testCompile) @ chat-backend ---
[INFO] No sources to compile
[INFO] 
[INFO] <<< spring-boot:3.2.4:run (default-cli) < test-compile @ chat-backend <<<
[INFO] 
[INFO] 
[INFO] --- spring-boot:3.2.4:run (default-cli) @ chat-backend ---
[INFO] Attaching agents: []

  .   ____          _            __ _ _
 /\\ / ___'_ __ _ _(_)_ __  __ _ \ \ \ \
( ( )\___ | '_ | '_| | '_ \/ _` | \ \ \ \
 \\/  ___)| |_)| | | | | || (_| |  ) ) ) )
  '  |____| .__|_| |_|_| |_\__, | / / / /
 =========|_|==============|___/=/_/_/_/
 :: Spring Boot ::                (v3.2.4)

2026-07-08T13:26:57.807+07:00  INFO 15779 --- [           main] com.yourproject.chat.ChatApplication     : Starting ChatApplication using Java 25.0.1 with PID 15779 (/Users/mac/CDWeb/Backend/target/classes started by mac in /Users/mac/CDWeb/Backend)
2026-07-08T13:26:57.808+07:00  INFO 15779 --- [           main] com.yourproject.chat.ChatApplication     : No active profile set, falling back to 1 default profile: "default"
2026-07-08T13:26:58.130+07:00  INFO 15779 --- [           main] .s.d.r.c.RepositoryConfigurationDelegate : Bootstrapping Spring Data JPA repositories in DEFAULT mode.
2026-07-08T13:26:58.156+07:00  INFO 15779 --- [           main] .s.d.r.c.RepositoryConfigurationDelegate : Finished Spring Data repository scanning in 23 ms. Found 3 JPA repository interfaces.
WARNING: A restricted method in java.lang.System has been called
WARNING: java.lang.System::load has been called by org.apache.tomcat.jni.Library in an unnamed module (file:/Users/mac/.m2/repository/org/apache/tomcat/embed/tomcat-embed-core/10.1.19/tomcat-embed-core-10.1.19.jar)
WARNING: Use --enable-native-access=ALL-UNNAMED to avoid a warning for callers in this module
WARNING: Restricted methods will be blocked in a future release unless native access is enabled

2026-07-08T13:26:58.449+07:00  INFO 15779 --- [           main] o.s.b.w.embedded.tomcat.TomcatWebServer  : Tomcat initialized with port 18082 (http)
2026-07-08T13:26:58.455+07:00  INFO 15779 --- [           main] o.apache.catalina.core.StandardService   : Starting service [Tomcat]
2026-07-08T13:26:58.456+07:00  INFO 15779 --- [           main] o.apache.catalina.core.StandardEngine    : Starting Servlet engine: [Apache Tomcat/10.1.19]
2026-07-08T13:26:58.480+07:00  INFO 15779 --- [           main] o.a.c.c.C.[Tomcat].[localhost].[/]       : Initializing Spring embedded WebApplicationContext
2026-07-08T13:26:58.481+07:00  INFO 15779 --- [           main] w.s.c.ServletWebServerApplicationContext : Root WebApplicationContext: initialization completed in 652 ms
2026-07-08T13:26:58.567+07:00  INFO 15779 --- [           main] o.hibernate.jpa.internal.util.LogHelper  : HHH000204: Processing PersistenceUnitInfo [name: default]
2026-07-08T13:26:58.612+07:00  INFO 15779 --- [           main] org.hibernate.Version                    : HHH000412: Hibernate ORM core version 6.4.4.Final
2026-07-08T13:26:58.630+07:00  INFO 15779 --- [           main] o.h.c.internal.RegionFactoryInitiator    : HHH000026: Second-level cache disabled
2026-07-08T13:26:58.754+07:00  INFO 15779 --- [           main] o.s.o.j.p.SpringPersistenceUnitInfo      : No LoadTimeWeaver setup: ignoring JPA class transformer
2026-07-08T13:26:58.767+07:00  INFO 15779 --- [           main] com.zaxxer.hikari.HikariDataSource       : HikariPool-1 - Starting...
2026-07-08T13:26:59.695+07:00  INFO 15779 --- [           main] com.zaxxer.hikari.pool.HikariPool        : HikariPool-1 - Added connection org.postgresql.jdbc.PgConnection@42aa1324
2026-07-08T13:26:59.695+07:00  INFO 15779 --- [           main] com.zaxxer.hikari.HikariDataSource       : HikariPool-1 - Start completed.
2026-07-08T13:27:00.411+07:00  INFO 15779 --- [           main] o.h.e.t.j.p.i.JtaPlatformInitiator       : HHH000489: No JTA platform available (set 'hibernate.transaction.jta.platform' to enable JTA platform integration)
2026-07-08T13:27:00.628+07:00  INFO 15779 --- [           main] j.LocalContainerEntityManagerFactoryBean : Initialized JPA EntityManagerFactory for persistence unit 'default'
2026-07-08T13:27:00.803+07:00  INFO 15779 --- [           main] o.s.d.j.r.query.QueryEnhancerFactory     : Hibernate is in classpath; If applicable, HQL parser will be used.
2026-07-08T13:27:01.252+07:00  WARN 15779 --- [           main] JpaBaseConfiguration$JpaWebConfiguration : spring.jpa.open-in-view is enabled by default. Therefore, database queries may be performed during view rendering. Explicitly configure spring.jpa.open-in-view to disable this warning
2026-07-08T13:27:01.511+07:00  INFO 15779 --- [           main] o.s.s.web.DefaultSecurityFilterChain     : Will secure any request with [org.springframework.security.web.session.DisableEncodeUrlFilter@688c1b2a, org.springframework.security.web.context.request.async.WebAsyncManagerIntegrationFilter@74b37c02, org.springframework.security.web.context.SecurityContextHolderFilter@526ee5e6, org.springframework.security.web.header.HeaderWriterFilter@52a3a9ef, org.springframework.web.filter.CorsFilter@b027acf, org.springframework.security.web.authentication.logout.LogoutFilter@16463f2, com.yourproject.chat.security.JwtAuthenticationFilter@3e455d01, org.springframework.security.web.savedrequest.RequestCacheAwareFilter@298517d1, org.springframework.security.web.servletapi.SecurityContextHolderAwareRequestFilter@3a00f386, org.springframework.security.web.authentication.AnonymousAuthenticationFilter@26c8b723, org.springframework.security.web.session.SessionManagementFilter@edda257, org.springframework.security.web.access.ExceptionTranslationFilter@416c28e, org.springframework.security.web.access.intercept.AuthorizationFilter@7a6cd9e0]
2026-07-08T13:27:01.676+07:00  INFO 15779 --- [           main] o.s.b.w.embedded.tomcat.TomcatWebServer  : Tomcat started on port 18082 (http) with context path ''
2026-07-08T13:27:01.681+07:00  INFO 15779 --- [           main] com.yourproject.chat.ChatApplication     : Started ChatApplication in 4.055 seconds (process running for 4.222)
2026-07-08T13:27:21.988+07:00  INFO 15779 --- [io-18082-exec-2] o.a.c.c.C.[Tomcat].[localhost].[/]       : Initializing Spring DispatcherServlet 'dispatcherServlet'
2026-07-08T13:27:21.989+07:00  INFO 15779 --- [io-18082-exec-2] o.s.web.servlet.DispatcherServlet        : Initializing Servlet 'dispatcherServlet'
2026-07-08T13:27:21.991+07:00  INFO 15779 --- [io-18082-exec-2] o.s.web.servlet.DispatcherServlet        : Completed initialization in 2 ms
[WS] Kết nối mới: c78dae57-279c-c53e-8481-454738d6352a
[WS] Kết nối mới: 8f2a8478-8940-07bd-28aa-b8a93c299949
Hibernate: select u1_0.id,u1_0.email,u1_0.password,u1_0.role,u1_0.username from users u1_0 where u1_0.username=?
Hibernate: select rm1_0.room_name from room_members rm1_0 where rm1_0.username=?
Hibernate: select distinct u1_0.id,u1_0.email,u1_0.password,u1_0.role,u1_0.username from users u1_0 where u1_0.username in (select cm1_0.sender from chat_messages cm1_0 where cm1_0.recipient=? and cm1_0.type='people') or u1_0.username in (select cm2_0.recipient from chat_messages cm2_0 where cm2_0.sender=? and cm2_0.type='people')
Hibernate: select rm1_0.room_name from room_members rm1_0 where rm1_0.username=?
Hibernate: select rm1_0.id from room_members rm1_0 where rm1_0.room_name=? and rm1_0.username=? fetch first ? rows only
Hibernate: select distinct u1_0.id,u1_0.email,u1_0.password,u1_0.role,u1_0.username from users u1_0 where u1_0.username in (select cm1_0.sender from chat_messages cm1_0 where cm1_0.recipient=? and cm1_0.type='people') or u1_0.username in (select cm2_0.recipient from chat_messages cm2_0 where cm2_0.sender=? and cm2_0.type='people')
Hibernate: select rm1_0.room_name from room_members rm1_0 where rm1_0.username=?
Hibernate: select rm1_0.id from room_members rm1_0 where rm1_0.room_name=? and rm1_0.username=? fetch first ? rows only
Hibernate: select cm1_0.id,cm1_0.content,cm1_0.created_at,cm1_0.recipient,cm1_0.sender,cm1_0.type from chat_messages cm1_0 where cm1_0.type='people' and ((cm1_0.sender=? and cm1_0.recipient=?) or (cm1_0.sender=? and cm1_0.recipient=?)) order by cm1_0.id
Hibernate: insert into chat_messages (content,created_at,recipient,sender,type) values (?,?,?,?,?)
Hibernate: insert into chat_messages (content,created_at,recipient,sender,type) values (?,?,?,?,?)
